<?xml version="1.0" encoding="UTF-8"?>
<testng-results ignored="0" total="1" passed="1" failed="0" skipped="0">
  <reporter-output>
  </reporter-output>
  <suite started-at="2024-08-12T13:14:36 IST" name="Default suite" finished-at="2024-08-12T13:14:54 IST" duration-ms="18617">
    <groups>
    </groups>
    <test started-at="2024-08-12T13:14:36 IST" name="Default test" finished-at="2024-08-12T13:14:54 IST" duration-ms="18617">
      <class name="Test.TC005_MenuValidation">
        <test-method is-config="true" signature="startReport()[pri:0, instance:Test.TC005_MenuValidation@57db2b13]" started-at="2024-08-12T13:14:35 IST" name="startReport" finished-at="2024-08-12T13:14:36 IST" duration-ms="176" status="PASS">
          <reporter-output>
          </reporter-output>
        </test-method> <!-- startReport -->
        <test-method is-config="true" signature="setup()[pri:0, instance:Test.TC005_MenuValidation@57db2b13]" started-at="2024-08-12T13:14:36 IST" name="setup" finished-at="2024-08-12T13:14:36 IST" duration-ms="1" status="PASS">
          <reporter-output>
          </reporter-output>
        </test-method> <!-- setup -->
        <test-method is-config="true" signature="testDetails()[pri:0, instance:Test.TC005_MenuValidation@57db2b13]" started-at="2024-08-12T13:14:36 IST" name="testDetails" finished-at="2024-08-12T13:14:36 IST" duration-ms="5" status="PASS">
          <reporter-output>
          </reporter-output>
        </test-method> <!-- testDetails -->
        <test-method is-config="true" signature="start()[pri:0, instance:Test.TC005_MenuValidation@57db2b13]" started-at="2024-08-12T13:14:36 IST" name="start" finished-at="2024-08-12T13:14:40 IST" duration-ms="4349" status="PASS">
          <reporter-output>
          </reporter-output>
        </test-method> <!-- start -->
        <test-method signature="Menu()[pri:0, instance:Test.TC005_MenuValidation@57db2b13]" started-at="2024-08-12T13:14:40 IST" name="Menu" finished-at="2024-08-12T13:14:54 IST" duration-ms="13862" status="PASS">
          <reporter-output>
          </reporter-output>
        </test-method> <!-- Menu -->
        <test-method is-config="true" signature="close()[pri:0, instance:Test.TC005_MenuValidation@57db2b13]" started-at="2024-08-12T13:14:54 IST" name="close" finished-at="2024-08-12T13:14:54 IST" duration-ms="376" status="PASS">
          <reporter-output>
          </reporter-output>
        </test-method> <!-- close -->
        <test-method is-config="true" signature="endReport()[pri:0, instance:Test.TC005_MenuValidation@57db2b13]" started-at="2024-08-12T13:14:54 IST" name="endReport" finished-at="2024-08-12T13:14:55 IST" duration-ms="463" status="PASS">
          <reporter-output>
          </reporter-output>
        </test-method> <!-- endReport -->
      </class> <!-- Test.TC005_MenuValidation -->
    </test> <!-- Default test -->
  </suite> <!-- Default suite -->
</testng-results>
